<?xml version="1.0" encoding="UTF-8"?>
<!-- Generated by org.testng.reporters.JUnitXMLReporter -->
<testsuite ignored="0" hostname="DESKTOP-T5VT6DO" failures="0" tests="5" name="Test_Cogmento_Contacts" time="9.859" errors="0" timestamp="2023-07-28T12:44:23 IST">
  <testcase classname="TestLayer.LoginPageTest" name="logIntoPage" time="0.116">
    <skipped/>
  </testcase> <!-- logIntoPage -->
  <testcase classname="TestLayer.LoginPageTest" name="logIntoPage" time="0.009">
    <skipped/>
  </testcase> <!-- logIntoPage -->
  <testcase classname="TestLayer.LoginPageTest" name="logIntoPage" time="0.01">
    <skipped/>
  </testcase> <!-- logIntoPage -->
  <testcase classname="TestLayer.LoginPageTest" name="logIntoPage" time="0.01">
    <skipped/>
  </testcase> <!-- logIntoPage -->
  <testcase classname="TestLayer.LoginPageTest" name="logIntoPage" time="0.009">
    <skipped/>
  </testcase> <!-- logIntoPage -->
</testsuite> <!-- Test_Cogmento_Contacts -->
